<?xml version="1.0" encoding="UTF-8"?>
<!-- Generated by org.testng.reporters.JUnitXMLReporter -->
<testsuite ignored="0" hostname="Vinaymalkhed" failures="0" tests="7" name="ChromeTest" time="1.57" errors="0" timestamp="2024-01-22T17:09:37 IST">
  <testcase classname="testBase.BaseClass" name="@BeforeClass setup" time="0.432">
    <failure type="java.lang.NullPointerException" message="Cannot invoke &amp;quot;org.openqa.selenium.remote.RemoteWebDriver.manage()&amp;quot; because &amp;quot;testBase.BaseClass.driver&amp;quot; is null">
      <![CDATA[java.lang.NullPointerException: Cannot invoke "org.openqa.selenium.remote.RemoteWebDriver.manage()" because "testBase.BaseClass.driver" is null
at testBase.BaseClass.setup(BaseClass.java:82)
at java.base/java.util.ArrayList.forEach(ArrayList.java:1511)
... Removed 25 stack frames]]>
    </failure>
  </testcase> <!-- @BeforeClass setup -->
  <testcase classname="testBase.BaseClass" name="@AfterClass teardown" time="0.0">
    <skipped/>
  </testcase> <!-- @AfterClass teardown -->
  <testcase classname="testBase.BaseClass" name="@BeforeClass setup" time="0.001">
    <failure type="java.lang.NullPointerException" message="Cannot invoke &amp;quot;org.openqa.selenium.remote.RemoteWebDriver.manage()&amp;quot; because &amp;quot;testBase.BaseClass.driver&amp;quot; is null">
      <![CDATA[java.lang.NullPointerException: Cannot invoke "org.openqa.selenium.remote.RemoteWebDriver.manage()" because "testBase.BaseClass.driver" is null
at testBase.BaseClass.setup(BaseClass.java:82)
at java.base/java.util.ArrayList.forEach(ArrayList.java:1511)
... Removed 25 stack frames]]>
    </failure>
  </testcase> <!-- @BeforeClass setup -->
  <testcase classname="testBase.BaseClass" name="@AfterClass teardown" time="0.0">
    <skipped/>
  </testcase> <!-- @AfterClass teardown -->
  <testcase classname="testBase.BaseClass" name="@BeforeClass setup" time="0.001">
    <failure type="java.lang.NullPointerException" message="Cannot invoke &amp;quot;org.openqa.selenium.remote.RemoteWebDriver.manage()&amp;quot; because &amp;quot;testBase.BaseClass.driver&amp;quot; is null">
      <![CDATA[java.lang.NullPointerException: Cannot invoke "org.openqa.selenium.remote.RemoteWebDriver.manage()" because "testBase.BaseClass.driver" is null
at testBase.BaseClass.setup(BaseClass.java:82)
at java.base/java.util.ArrayList.forEach(ArrayList.java:1511)
... Removed 25 stack frames]]>
    </failure>
  </testcase> <!-- @BeforeClass setup -->
  <testcase classname="testBase.BaseClass" name="@AfterClass teardown" time="0.0">
    <skipped/>
  </testcase> <!-- @AfterClass teardown -->
  <testcase classname="testCases.TC_001_SignupTest" name="testsignup" time="0.0">
    <skipped/>
  </testcase> <!-- testsignup -->
  <testcase classname="testCases.TC_003_LoginDataDrivenTest" name="testLoginDataDriven" time="0.0">
    <skipped/>
  </testcase> <!-- testLoginDataDriven -->
  <testcase classname="testCases.TC_003_LoginDataDrivenTest" name="testLoginDataDriven" time="0.001">
    <skipped/>
  </testcase> <!-- testLoginDataDriven -->
  <testcase classname="testCases.TC_003_LoginDataDrivenTest" name="testLoginDataDriven" time="0.0">
    <skipped/>
  </testcase> <!-- testLoginDataDriven -->
  <testcase classname="testCases.TC_003_LoginDataDrivenTest" name="testLoginDataDriven" time="0.0">
    <skipped/>
  </testcase> <!-- testLoginDataDriven -->
  <testcase classname="testCases.TC_003_LoginDataDrivenTest" name="testLoginDataDriven" time="0.0">
    <skipped/>
  </testcase> <!-- testLoginDataDriven -->
  <testcase classname="testCases.TC_002_LoginTest" name="testlogin" time="0.001">
    <skipped/>
  </testcase> <!-- testlogin -->
</testsuite> <!-- ChromeTest -->
