<?xml version="1.0" encoding="UTF-8"?>
<!-- Generated by org.testng.reporters.JUnitXMLReporter -->
<testsuite ignored="0" hostname="Vinaymalkhed" failures="4" tests="7" name="ChromeTest(failed)" time="109.735" errors="0" timestamp="2024-01-22T17:00:48 IST">
  <testcase classname="testCases.TC_001_SignupTest" name="testsignup" time="16.701">
    <failure type="java.lang.AssertionError" message="null">
      <![CDATA[java.lang.AssertionError: null
at testCases.TC_001_SignupTest.testsignup(TC_001_SignupTest.java:74)
at java.base/java.util.ArrayList.forEach(ArrayList.java:1511)
... Removed 29 stack frames]]>
    </failure>
  </testcase> <!-- testsignup -->
  <testcase classname="testCases.TC_003_LoginDataDrivenTest" name="testLoginDataDriven" time="12.525"/>
  <testcase classname="testCases.TC_003_LoginDataDrivenTest" name="testLoginDataDriven" time="12.362">
    <failure type="java.lang.AssertionError" message="null">
      <![CDATA[java.lang.AssertionError: null
at testCases.TC_003_LoginDataDrivenTest.testLoginDataDriven(TC_003_LoginDataDrivenTest.java:58)
at java.base/java.util.ArrayList.forEach(ArrayList.java:1511)
... Removed 29 stack frames]]>
    </failure>
  </testcase> <!-- testLoginDataDriven -->
  <testcase classname="testCases.TC_003_LoginDataDrivenTest" name="testLoginDataDriven" time="12.907">
    <failure type="java.lang.AssertionError" message="null">
      <![CDATA[java.lang.AssertionError: null
at testCases.TC_003_LoginDataDrivenTest.testLoginDataDriven(TC_003_LoginDataDrivenTest.java:58)
at java.base/java.util.ArrayList.forEach(ArrayList.java:1511)
... Removed 29 stack frames]]>
    </failure>
  </testcase> <!-- testLoginDataDriven -->
  <testcase classname="testCases.TC_003_LoginDataDrivenTest" name="testLoginDataDriven" time="12.822">
    <failure type="java.lang.AssertionError" message="null">
      <![CDATA[java.lang.AssertionError: null
at testCases.TC_003_LoginDataDrivenTest.testLoginDataDriven(TC_003_LoginDataDrivenTest.java:58)
at java.base/java.util.ArrayList.forEach(ArrayList.java:1511)
... Removed 29 stack frames]]>
    </failure>
  </testcase> <!-- testLoginDataDriven -->
  <testcase classname="testCases.TC_003_LoginDataDrivenTest" name="testLoginDataDriven" time="6.348"/>
  <testcase classname="testCases.TC_002_LoginTest" name="testlogin" time="15.355"/>
</testsuite> <!-- ChromeTest(failed) -->
